<?xml version="1.0" encoding="UTF-8"?>
<testng-results ignored="0" total="1" passed="1" failed="0" skipped="0">
  <reporter-output>
  </reporter-output>
  <suite started-at="2021-07-17T05:15:26Z" name="Suite" finished-at="2021-07-17T05:15:26Z" duration-ms="66">
    <groups>
    </groups>
    <test started-at="2021-07-17T05:15:26Z" name="Test" finished-at="2021-07-17T05:15:26Z" duration-ms="66">
      <class name="jenkin.NewTest">
        <test-method is-config="true" signature="f()[pri:0, instance:jenkin.NewTest@1169afe1]" started-at="2021-07-17T05:15:12Z" name="f" finished-at="2021-07-17T05:15:26Z" duration-ms="13472" status="PASS">
          <reporter-output>
          </reporter-output>
        </test-method> <!-- f -->
        <test-method signature="main()[pri:0, instance:jenkin.NewTest@1169afe1]" started-at="2021-07-17T05:15:26Z" name="main" finished-at="2021-07-17T05:15:26Z" duration-ms="21" status="PASS">
          <reporter-output>
          </reporter-output>
        </test-method> <!-- main -->
        <test-method is-config="true" signature="g()[pri:0, instance:jenkin.NewTest@1169afe1]" started-at="2021-07-17T05:15:26Z" name="g" finished-at="2021-07-17T05:15:26Z" duration-ms="206" status="PASS">
          <reporter-output>
          </reporter-output>
        </test-method> <!-- g -->
      </class> <!-- jenkin.NewTest -->
    </test> <!-- Test -->
  </suite> <!-- Suite -->
</testng-results>
